<?xml version="1.0" encoding="UTF-8"?>
<!-- Generated by org.testng.reporters.JUnitXMLReporter -->
<testsuite ignored="0" hostname="LAPTOP-8PQKFV8G" failures="0" tests="3" name="API Test" time="74.089" errors="0" timestamp="2022-03-25T16:33:10 CDT">
  <testcase classname="Framework.Practice.APIDemoTEst" name="APIDemo" time="25.661"/>
  <testcase classname="Framework.Practice.APIDemoTEst" name="APIDemo" time="25.132"/>
  <testcase classname="Framework.Practice.APIDemoTEst" name="APIDemo" time="23.218"/>
</testsuite> <!-- API Test -->
